<?xml version="1.0" encoding="UTF-8"?>
<!-- Generated by org.testng.reporters.JUnitReportReporter -->
<testsuite hostname="farjad-Z370M-D3H" failures="0" tests="1" name="SimplePostRequest" time="1.050" errors="0" timestamp="2022-01-13T17:43:50 BDT" skipped="0">
  <testcase classname="SimplePostRequest" name="GetWeatherDetails" time="1.050"/>
  <system-out/>
</testsuite> <!-- SimplePostRequest -->
