<?xml version="1.0" encoding="UTF-8"?>
<!-- Generated by org.testng.reporters.JUnitReportReporter -->
<testsuite hostname="farjad-Z370M-D3H" failures="0" tests="1" name="SimpleGetTest" time="0.787" errors="0" timestamp="2022-01-13T18:04:05 BDT" skipped="0">
  <testcase classname="SimpleGetTest" name="GetWeatherDetails" time="0.787"/>
  <system-out/>
</testsuite> <!-- SimpleGetTest -->
